Using pre-set license
Built from 'HEAD' branch; Version is '2021.3.14f1c1 (3aa525a93a5f) revision 3843365'; Using compiler version '192829333'; Build Type 'Release'
OS: 'Windows 11  (10.0.22621) 64bit CoreCountrySpecific' Language: 'zh' Physical Memory: 16048 MB
BatchMode: 1, IsHumanControllingUs: 0, StartBugReporterOnCrash: 0, Is64bit: 1, IsPro: 1

COMMAND LINE ARGUMENTS:
D:\app\Unity Hub\2021.3.14f1c1\Editor\Unity.exe
-adb2
-batchMode
-noUpm
-name
AssetImportWorker2
-projectPath
D:/Project/BlackFieldInstruction
-logFile
Logs/AssetImportWorker2.log
-srvPort
49240
Successfully changed project path to: D:/Project/BlackFieldInstruction
D:/Project/BlackFieldInstruction
[UnityMemory] Configuration Parameters - Can be set up in boot.config
    "memorysetup-bucket-allocator-granularity=16"
    "memorysetup-bucket-allocator-bucket-count=8"
    "memorysetup-bucket-allocator-block-size=33554432"
    "memorysetup-bucket-allocator-block-count=8"
    "memorysetup-main-allocator-block-size=16777216"
    "memorysetup-thread-allocator-block-size=16777216"
    "memorysetup-gfx-main-allocator-block-size=16777216"
    "memorysetup-gfx-thread-allocator-block-size=16777216"
    "memorysetup-cache-allocator-block-size=4194304"
    "memorysetup-typetree-allocator-block-size=2097152"
    "memorysetup-profiler-bucket-allocator-granularity=16"
    "memorysetup-profiler-bucket-allocator-bucket-count=8"
    "memorysetup-profiler-bucket-allocator-block-size=33554432"
    "memorysetup-profiler-bucket-allocator-block-count=8"
    "memorysetup-profiler-allocator-block-size=16777216"
    "memorysetup-profiler-editor-allocator-block-size=1048576"
    "memorysetup-temp-allocator-size-main=16777216"
    "memorysetup-job-temp-allocator-block-size=2097152"
    "memorysetup-job-temp-allocator-block-size-background=1048576"
    "memorysetup-job-temp-allocator-reduction-small-platforms=262144"
    "memorysetup-temp-allocator-size-background-worker=32768"
    "memorysetup-temp-allocator-size-job-worker=262144"
    "memorysetup-temp-allocator-size-preload-manager=33554432"
    "memorysetup-temp-allocator-size-nav-mesh-worker=65536"
    "memorysetup-temp-allocator-size-audio-worker=65536"
    "memorysetup-temp-allocator-size-cloud-worker=32768"
    "memorysetup-temp-allocator-size-gi-baking-worker=262144"
    "memorysetup-temp-allocator-size-gfx=262144"
AS: AutoStreaming module initializing.
Refreshing native plugins compatible for Editor in 160.57 ms, found 5 plugins.
Preloading 0 native plugins for Editor in 0.00 ms.
Initialize engine version: 2021.3.14f1c1 (3aa525a93a5f)
[Subsystems] Discovering subsystems at path D:/app/Unity Hub/2021.3.14f1c1/Editor/Data/Resources/UnitySubsystems
[Subsystems] Discovering subsystems at path D:/Project/BlackFieldInstruction/Assets
GfxDevice: creating device client; threaded=0; jobified=0
Direct3D:
    Version:  Direct3D 11.0 [level 11.1]
    Renderer: NVIDIA GeForce RTX 3060 Laptop GPU (ID=0x2520)
    Vendor:   NVIDIA
    VRAM:     6010 MB
    Driver:   31.0.15.4601
Shader 'MoreMountains/MMRipple': fallback shader 'Particle/AlphaBlended' not found
Initialize mono
Mono path[0] = 'D:/app/Unity Hub/2021.3.14f1c1/Editor/Data/Managed'
Mono path[1] = 'D:/app/Unity Hub/2021.3.14f1c1/Editor/Data/MonoBleedingEdge/lib/mono/unityjit-win32'
Mono config path = 'D:/app/Unity Hub/2021.3.14f1c1/Editor/Data/MonoBleedingEdge/etc'
Using monoOptions --debugger-agent=transport=dt_socket,embedding=1,server=y,suspend=n,address=127.0.0.1:56316
Begin MonoManager ReloadAssembly
Registering precompiled unity dll's ...
Register platform support module: D:/app/Unity Hub/2021.3.14f1c1/Editor/Data/PlaybackEngines/AndroidPlayer/UnityEditor.Android.Extensions.dll
Register platform support module: D:/app/Unity Hub/2021.3.14f1c1/Editor/Data/PlaybackEngines/WindowsStandaloneSupport/UnityEditor.WindowsStandalone.Extensions.dll
Registered in 0.001654 seconds.
Native extension for WindowsStandalone target not found
Native extension for Android target not found
Refreshing native plugins compatible for Editor in 150.34 ms, found 5 plugins.
Preloading 0 native plugins for Editor in 0.00 ms.
Mono: successfully reloaded assembly
- Completed reload, in  0.861 seconds
Domain Reload Profiling:
	ReloadAssembly (862ms)
		BeginReloadAssembly (51ms)
			ExecutionOrderSort (0ms)
			DisableScriptedObjects (0ms)
			BackupInstance (0ms)
			ReleaseScriptingObjects (0ms)
			CreateAndSetChildDomain (1ms)
		EndReloadAssembly (597ms)
			LoadAssemblies (50ms)
			RebuildTransferFunctionScriptingTraits (0ms)
			SetupTypeCache (218ms)
			ReleaseScriptCaches (0ms)
			RebuildScriptCaches (19ms)
			SetupLoadedEditorAssemblies (315ms)
				LogAssemblyErrors (0ms)
				InitializePlatformSupportModulesInManaged (56ms)
				SetLoadedEditorAssemblies (0ms)
				RefreshPlugins (150ms)
				BeforeProcessingInitializeOnLoad (1ms)
				ProcessInitializeOnLoadAttributes (69ms)
				ProcessInitializeOnLoadMethodAttributes (39ms)
				AfterProcessingInitializeOnLoad (0ms)
				EditorAssembliesLoaded (0ms)
			ExecutionOrderSort2 (0ms)
			AwakeInstancesAfterBackupRestoration (0ms)
Platform modules already initialized, skipping
Registering precompiled user dll's ...
Registered in 0.008567 seconds.
Begin MonoManager ReloadAssembly
Symbol file LoadedFromMemory doesn't match image D:\Project\BlackFieldInstruction\Library\PackageCache\com.unity.visualscripting@1.7.8\Editor\VisualScripting.Core\Dependencies\YamlDotNet\Unity.VisualScripting.YamlDotNet.dll
Symbol file LoadedFromMemory doesn't match image D:\Project\BlackFieldInstruction\Library\PackageCache\com.unity.visualscripting@1.7.8\Editor\VisualScripting.Core\Dependencies\DotNetZip\Unity.VisualScripting.IonicZip.dll
Native extension for WindowsStandalone target not found
Native extension for Android target not found
Refreshing native plugins compatible for Editor in 160.76 ms, found 5 plugins.
Preloading 0 native plugins for Editor in 0.00 ms.
Mono: successfully reloaded assembly
- Completed reload, in  1.777 seconds
Domain Reload Profiling:
	ReloadAssembly (1778ms)
		BeginReloadAssembly (189ms)
			ExecutionOrderSort (0ms)
			DisableScriptedObjects (4ms)
			BackupInstance (0ms)
			ReleaseScriptingObjects (0ms)
			CreateAndSetChildDomain (128ms)
		EndReloadAssembly (1505ms)
			LoadAssemblies (126ms)
			RebuildTransferFunctionScriptingTraits (0ms)
			SetupTypeCache (264ms)
			ReleaseScriptCaches (1ms)
			RebuildScriptCaches (71ms)
			SetupLoadedEditorAssemblies (1003ms)
				LogAssemblyErrors (0ms)
				InitializePlatformSupportModulesInManaged (10ms)
				SetLoadedEditorAssemblies (0ms)
				RefreshPlugins (161ms)
				BeforeProcessingInitializeOnLoad (96ms)
				ProcessInitializeOnLoadAttributes (656ms)
				ProcessInitializeOnLoadMethodAttributes (76ms)
				AfterProcessingInitializeOnLoad (3ms)
				EditorAssembliesLoaded (0ms)
			ExecutionOrderSort2 (0ms)
			AwakeInstancesAfterBackupRestoration (4ms)
Platform modules already initialized, skipping
========================================================================
Worker process is ready to serve import requests
Launched and connected shader compiler UnityShaderCompiler.exe after 0.07 seconds
Shader 'MoreMountains/MMRipple': fallback shader 'Particle/AlphaBlended' not found
Refreshing native plugins compatible for Editor in 1.79 ms, found 5 plugins.
Preloading 0 native plugins for Editor in 0.00 ms.
Unloading 7699 Unused Serialized files (Serialized files now loaded: 0)
Unloading 81 unused Assets / (1.9 MB). Loaded Objects now: 8192.
Memory consumption went from 479.9 MB to 478.0 MB.
Total: 4.279300 ms (FindLiveObjects: 0.391700 ms CreateObjectMapping: 0.259000 ms MarkObjects: 3.272300 ms  DeleteObjects: 0.355400 ms)

AssetImportParameters requested are different than current active one (requested -> active):
  custom:video-decoder-ogg-theora: a1e56fd34408186e4bbccfd4996cb3dc -> 
  custom:container-muxer-webm: aa71ff27fc2769a1b78a27578f13a17b -> 
  custom:container-demuxer-webm: 4f35f7cbe854078d1ac9338744f61a02 -> 
  custom:video-encoder-webm-vp8: eb34c28f22e8b96e1ab97ce403110664 -> 
  custom:video-codec-MediaFoundation-h265: 746d11721c4dcdbdad8f713fa42b33f4 -> 
  custom:audio-encoder-webm-vorbis: bf7c407c2cedff20999df2af8eb42d56 -> 
  custom:framework-win-MediaFoundation: 216162199b28c13a410421893ffa2e32 -> 
  custom:container-demuxer-ogg: 62fdf1f143b41e24485cea50d1cbac27 -> 
  custom:video-decoder-webm-vp8: 9c59270c3fd7afecdb556c50c9e8de78 -> 
  custom:audio-decoder-ogg-vorbis: bf7c407c2cedff20999df2af8eb42d56 -> 
========================================================================
Received Import Request.
  Time since last request: 76072.677879 seconds.
  path: Assets/Res/Feel/FeelDemos/Letters/Sprites/FeelLettersDemoDustParticles.png
  artifactKey: Guid(71f805173b14765458dfbb504230c671) Importer(815301076,1909f56bfc062723c751e8b465ee728b)
Start importing Assets/Res/Feel/FeelDemos/Letters/Sprites/FeelLettersDemoDustParticles.png using Guid(71f805173b14765458dfbb504230c671) Importer(815301076,1909f56bfc062723c751e8b465ee728b)  -> (artifact id: 'fea4a6e889c6177655a1b03a9b6321e3') in 0.160313 seconds 
========================================================================
Received Import Request.
  Time since last request: 1.685374 seconds.
  path: Assets/Res/Feel/FeelDemos/Letters/Sprites/FeelLettersDemoE1.png
  artifactKey: Guid(a4ea8836a3500f14296c643a46b5eeaa) Importer(815301076,1909f56bfc062723c751e8b465ee728b)
Start importing Assets/Res/Feel/FeelDemos/Letters/Sprites/FeelLettersDemoE1.png using Guid(a4ea8836a3500f14296c643a46b5eeaa) Importer(815301076,1909f56bfc062723c751e8b465ee728b)  -> (artifact id: 'b9ba5b7456f0eeed1e7308e8a4029296') in 0.098081 seconds 
========================================================================
Received Import Request.
  Time since last request: 0.000030 seconds.
  path: Assets/Res/Feel/FeelDemos/Letters/Sprites/FeelLettersDemoSing.png
  artifactKey: Guid(4feff79cdc04e1145884512f088bdfde) Importer(815301076,1909f56bfc062723c751e8b465ee728b)
Start importing Assets/Res/Feel/FeelDemos/Letters/Sprites/FeelLettersDemoSing.png using Guid(4feff79cdc04e1145884512f088bdfde) Importer(815301076,1909f56bfc062723c751e8b465ee728b)  -> (artifact id: '6629b42a0db3f6e73e14600c117ffffc') in 0.088998 seconds 
========================================================================
Received Import Request.
  Time since last request: 0.000040 seconds.
  path: Assets/Res/Feel/FeelDemos/Letters/Sprites/FeelLettersDemoSpark.png
  artifactKey: Guid(544caa0353497f24faed28c569d18fe4) Importer(815301076,1909f56bfc062723c751e8b465ee728b)
Start importing Assets/Res/Feel/FeelDemos/Letters/Sprites/FeelLettersDemoSpark.png using Guid(544caa0353497f24faed28c569d18fe4) Importer(815301076,1909f56bfc062723c751e8b465ee728b)  -> (artifact id: '817ae7d9c1bf87f29e65b379404619bf') in 0.056563 seconds 
========================================================================
Received Import Request.
  Time since last request: 0.000037 seconds.
  path: Assets/Res/Feel/FeelDemos/Letters/Sprites/FeelLettersDemoMouth2.png
  artifactKey: Guid(f1a50c3f2fcb1db47ad5e001fd936402) Importer(815301076,1909f56bfc062723c751e8b465ee728b)
Start importing Assets/Res/Feel/FeelDemos/Letters/Sprites/FeelLettersDemoMouth2.png using Guid(f1a50c3f2fcb1db47ad5e001fd936402) Importer(815301076,1909f56bfc062723c751e8b465ee728b)  -> (artifact id: '1bad3784503ad9e329e6986d6168cb24') in 0.035636 seconds 
========================================================================
Received Import Request.
  Time since last request: 0.000027 seconds.
  path: Assets/Res/Feel/FeelDemos/Letters/Sprites/FeelLettersDemoMouth5.png
  artifactKey: Guid(8f0724b5b6f9cbe48a7e06c43a2d2b5a) Importer(815301076,1909f56bfc062723c751e8b465ee728b)
Start importing Assets/Res/Feel/FeelDemos/Letters/Sprites/FeelLettersDemoMouth5.png using Guid(8f0724b5b6f9cbe48a7e06c43a2d2b5a) Importer(815301076,1909f56bfc062723c751e8b465ee728b)  -> (artifact id: 'a9ea05e5671f2e76228f5d78011801a7') in 0.031313 seconds 
========================================================================
Received Import Request.
  Time since last request: 0.000037 seconds.
  path: Assets/Res/Feel/FeelDemos/Letters/Sprites/FeelLettersDemoL.png
  artifactKey: Guid(0033691af0cecc64f87058510cb435e4) Importer(815301076,1909f56bfc062723c751e8b465ee728b)
Start importing Assets/Res/Feel/FeelDemos/Letters/Sprites/FeelLettersDemoL.png using Guid(0033691af0cecc64f87058510cb435e4) Importer(815301076,1909f56bfc062723c751e8b465ee728b)  -> (artifact id: '62c49f099e5d1e90730e99a924ece423') in 0.060340 seconds 
========================================================================
Received Import Request.
  Time since last request: 0.016864 seconds.
  path: Assets/Res/Feel/MMTools/Tools/MMGUI/Sprites/MMFaderRoundMask.png
  artifactKey: Guid(47332880f10dee4429534303790a8399) Importer(815301076,1909f56bfc062723c751e8b465ee728b)
Start importing Assets/Res/Feel/MMTools/Tools/MMGUI/Sprites/MMFaderRoundMask.png using Guid(47332880f10dee4429534303790a8399) Importer(815301076,1909f56bfc062723c751e8b465ee728b)  -> (artifact id: '302b3efbb0500c333ff536f97037f704') in 0.073386 seconds 
Editor requested this worker to shutdown with reason: Scaling down because of idle timeout
AssetImportWorker is now disconnected from the server
Process exiting
Exiting without the bug reporter. Application will terminate with return code 0