Using pre-set license
Built from '2022.3/china_unity/release' branch; Version is '2022.3.14f1c1 (25540d4d24fc) revision 2446349'; Using compiler version '192829333'; Build Type 'Release'
OS: 'Windows 11  (10.0.22621) 64bit CoreCountrySpecific' Language: 'zh' Physical Memory: 16048 MB
BatchMode: 1, IsHumanControllingUs: 0, StartBugReporterOnCrash: 0, Is64bit: 1, IsPro: 1

COMMAND LINE ARGUMENTS:
D:\app\Unity Hub\2022.3.14f1c1\Editor\Unity.exe
-adb2
-batchMode
-noUpm
-name
AssetImportWorker3
-projectPath
D:/Project/BlackFieldInstruction
-logFile
Logs/AssetImportWorker3.log
-srvPort
56184
Successfully changed project path to: D:/Project/BlackFieldInstruction
D:/Project/BlackFieldInstruction
[UnityMemory] Configuration Parameters - Can be set up in boot.config
    "memorysetup-bucket-allocator-granularity=16"
    "memorysetup-bucket-allocator-bucket-count=8"
    "memorysetup-bucket-allocator-block-size=33554432"
    "memorysetup-bucket-allocator-block-count=8"
    "memorysetup-main-allocator-block-size=16777216"
    "memorysetup-thread-allocator-block-size=16777216"
    "memorysetup-gfx-main-allocator-block-size=16777216"
    "memorysetup-gfx-thread-allocator-block-size=16777216"
    "memorysetup-cache-allocator-block-size=4194304"
    "memorysetup-typetree-allocator-block-size=2097152"
    "memorysetup-profiler-bucket-allocator-granularity=16"
    "memorysetup-profiler-bucket-allocator-bucket-count=8"
    "memorysetup-profiler-bucket-allocator-block-size=33554432"
    "memorysetup-profiler-bucket-allocator-block-count=8"
    "memorysetup-profiler-allocator-block-size=16777216"
    "memorysetup-profiler-editor-allocator-block-size=1048576"
    "memorysetup-temp-allocator-size-main=16777216"
    "memorysetup-job-temp-allocator-block-size=2097152"
    "memorysetup-job-temp-allocator-block-size-background=1048576"
    "memorysetup-job-temp-allocator-reduction-small-platforms=262144"
    "memorysetup-allocator-temp-initial-block-size-main=262144"
    "memorysetup-allocator-temp-initial-block-size-worker=262144"
    "memorysetup-temp-allocator-size-background-worker=32768"
    "memorysetup-temp-allocator-size-job-worker=262144"
    "memorysetup-temp-allocator-size-preload-manager=33554432"
    "memorysetup-temp-allocator-size-nav-mesh-worker=65536"
    "memorysetup-temp-allocator-size-audio-worker=65536"
    "memorysetup-temp-allocator-size-cloud-worker=32768"
    "memorysetup-temp-allocator-size-gi-baking-worker=262144"
    "memorysetup-temp-allocator-size-gfx=262144"
Player connection [50716] Host "[IP] 172.18.55.68 [Port] 0 [Flags] 2 [Guid] 3313580790 [EditorId] 3313580790 [Version] 1048832 [Id] WindowsEditor(7,YUFULAO) [Debug] 1 [PackageName] WindowsEditor [ProjectName] Editor" joined multi-casting on [225.0.0.222:54997]...

Player connection [50716] Host "[IP] 172.18.55.68 [Port] 0 [Flags] 2 [Guid] 3313580790 [EditorId] 3313580790 [Version] 1048832 [Id] WindowsEditor(7,YUFULAO) [Debug] 1 [PackageName] WindowsEditor [ProjectName] Editor" joined alternative multi-casting on [225.0.0.222:34997]...

[Physics::Module] Initialized MultithreadedJobDispatcher with 19 workers.
Refreshing native plugins compatible for Editor in 2775.32 ms, found 7 plugins.
Preloading 0 native plugins for Editor in 0.00 ms.
Initialize engine version: 2022.3.14f1c1 (25540d4d24fc)
[Subsystems] Discovering subsystems at path D:/app/Unity Hub/2022.3.14f1c1/Editor/Data/Resources/UnitySubsystems
[Subsystems] Discovering subsystems at path D:/Project/BlackFieldInstruction/Assets
GfxDevice: creating device client; threaded=0; jobified=0
Direct3D:
    Version:  Direct3D 11.0 [level 11.1]
    Renderer: NVIDIA GeForce RTX 3060 Laptop GPU (ID=0x2520)
    Vendor:   NVIDIA
    VRAM:     6010 MB
    Driver:   31.0.15.4601
Initialize mono
Mono path[0] = 'D:/app/Unity Hub/2022.3.14f1c1/Editor/Data/Managed'
Mono path[1] = 'D:/app/Unity Hub/2022.3.14f1c1/Editor/Data/MonoBleedingEdge/lib/mono/unityjit-win32'
Mono config path = 'D:/app/Unity Hub/2022.3.14f1c1/Editor/Data/MonoBleedingEdge/etc'
Using monoOptions --debugger-agent=transport=dt_socket,embedding=1,server=y,suspend=n,address=127.0.0.1:56956
Begin MonoManager ReloadAssembly
Registering precompiled unity dll's ...
Register platform support module: D:/app/Unity Hub/2022.3.14f1c1/Editor/Data/PlaybackEngines/AndroidPlayer/UnityEditor.Android.Extensions.dll
Register platform support module: D:/app/Unity Hub/2022.3.14f1c1/Editor/Data/PlaybackEngines/WindowsStandaloneSupport/UnityEditor.WindowsStandalone.Extensions.dll
Registered in 0.400884 seconds.
- Loaded All Assemblies, in  3.297 seconds
Native extension for WindowsStandalone target not found
Native extension for Android target not found
Android Extension - Scanning For ADB Devices 404 ms
Mono: successfully reloaded assembly
- Finished resetting the current domain, in  2.193 seconds
Domain Reload Profiling: 5490ms
	BeginReloadAssembly (176ms)
		ExecutionOrderSort (0ms)
		DisableScriptedObjects (0ms)
		BackupInstance (0ms)
		ReleaseScriptingObjects (0ms)
		CreateAndSetChildDomain (1ms)
	RebuildCommonClasses (516ms)
	RebuildNativeTypeToScriptingClass (8ms)
	initialDomainReloadingComplete (1021ms)
	LoadAllAssembliesAndSetupDomain (1575ms)
		LoadAssemblies (141ms)
		RebuildTransferFunctionScriptingTraits (0ms)
		AnalyzeDomain (1573ms)
			TypeCache.Refresh (1571ms)
				TypeCache.ScanAssembly (1254ms)
			ScanForSourceGeneratedMonoScriptInfo (0ms)
			ResolveRequiredComponents (1ms)
	FinalizeReload (2194ms)
		ReleaseScriptCaches (0ms)
		RebuildScriptCaches (0ms)
		SetupLoadedEditorAssemblies (2149ms)
			LogAssemblyErrors (0ms)
			InitializePlatformSupportModulesInManaged (2018ms)
			SetLoadedEditorAssemblies (3ms)
			RefreshPlugins (0ms)
			BeforeProcessingInitializeOnLoad (2ms)
			ProcessInitializeOnLoadAttributes (82ms)
			ProcessInitializeOnLoadMethodAttributes (43ms)
			AfterProcessingInitializeOnLoad (0ms)
			EditorAssembliesLoaded (0ms)
		ExecutionOrderSort2 (0ms)
		AwakeInstancesAfterBackupRestoration (0ms)
========================================================================
Worker process is ready to serve import requests
Begin MonoManager ReloadAssembly
- Loaded All Assemblies, in 16.585 seconds
Refreshing native plugins compatible for Editor in 163.87 ms, found 7 plugins.
Native extension for WindowsStandalone target not found
Native extension for Android target not found
Package Manager log level set to [2]
[Package Manager] Server::EnsureServerProcessIsRunning -- launch failed, reason: Unity was launched with the -noUpm command-line argument
[Package Manager] UpmClient::Send -- Unable to send message (not connected to UPM process).
[Package Manager] Cannot connect to Unity Package Manager local server
Mono: successfully reloaded assembly
- Finished resetting the current domain, in  2.038 seconds
Domain Reload Profiling: 8758ms
	BeginReloadAssembly (578ms)
		ExecutionOrderSort (0ms)
		DisableScriptedObjects (3ms)
		BackupInstance (0ms)
		ReleaseScriptingObjects (0ms)
		CreateAndSetChildDomain (17ms)
	RebuildCommonClasses (491ms)
	RebuildNativeTypeToScriptingClass (7ms)
	initialDomainReloadingComplete (39ms)
	LoadAllAssembliesAndSetupDomain (5604ms)
		LoadAssemblies (4520ms)
		RebuildTransferFunctionScriptingTraits (0ms)
		AnalyzeDomain (1195ms)
			TypeCache.Refresh (1156ms)
				TypeCache.ScanAssembly (1084ms)
			ScanForSourceGeneratedMonoScriptInfo (29ms)
			ResolveRequiredComponents (8ms)
	FinalizeReload (2038ms)
		ReleaseScriptCaches (0ms)
		RebuildScriptCaches (0ms)
		SetupLoadedEditorAssemblies (1884ms)
			LogAssemblyErrors (0ms)
			InitializePlatformSupportModulesInManaged (920ms)
			SetLoadedEditorAssemblies (5ms)
			RefreshPlugins (0ms)
			BeforeProcessingInitializeOnLoad (71ms)
			ProcessInitializeOnLoadAttributes (824ms)
			ProcessInitializeOnLoadMethodAttributes (60ms)
			AfterProcessingInitializeOnLoad (4ms)
			EditorAssembliesLoaded (0ms)
		ExecutionOrderSort2 (0ms)
		AwakeInstancesAfterBackupRestoration (5ms)
Launched and connected shader compiler UnityShaderCompiler.exe after 0.08 seconds
Refreshing native plugins compatible for Editor in 5.59 ms, found 7 plugins.
Preloading 0 native plugins for Editor in 0.00 ms.
Unloading 7394 Unused Serialized files (Serialized files now loaded: 0)
Unloading 134 unused Assets / (2.1 MB). Loaded Objects now: 7864.
Memory consumption went from 293.9 MB to 291.8 MB.
Total: 4.376600 ms (FindLiveObjects: 0.351600 ms CreateObjectMapping: 0.245900 ms MarkObjects: 3.330600 ms  DeleteObjects: 0.447500 ms)

AssetImportParameters requested are different than current active one (requested -> active):
  custom:container-demuxer-ogg: 62fdf1f143b41e24485cea50d1cbac27 -> 
  custom:scripting/monoscript/fileName/CommandStartMain.cs: 7366b22bd6e1199c6cbef68dd763365b -> 
  custom:scripting/monoscript/fileName/BattleFsm.cs: 183071658968191aed85e8e5acb1946e -> f67f84e6a93affba2d3d9badab768e09
  custom:framework-win-MediaFoundation: 216162199b28c13a410421893ffa2e32 -> 
  custom:scripting/monoscript/fileName/CommandEexcutingState.cs: 8137433e4b133e65c29ee8709b1103aa -> 
  custom:scripting/monoscript/fileName/CommandReCalculateState.cs: 898c0c50c8ad30a215a810aa28fd871b -> 
  custom:scripting/monoscript/fileName/CommandExecuteStart.cs: cf0c1dc307effa23bbf01eef4341b745 -> 
  custom:container-muxer-webm: aa71ff27fc2769a1b78a27578f13a17b -> 
  custom:video-decoder-webm-vp8: 9c59270c3fd7afecdb556c50c9e8de78 -> 
  custom:SearchIndexIgnoredProperties: e643bd26f0fe6173181afceb89e7c659 -> 
  custom:AudioImporter_EditorPlatform: d09bf68614088b80899f8185d706f6e7 -> 
  custom:scripting/monoscript/fileName/CommandPreviewState.cs: 558b8630d50a9d06457bd5e8f3c6e49b -> 
  custom:audio-decoder-ogg-vorbis: bf7c407c2cedff20999df2af8eb42d56 -> 
  custom:scripting/monoscript/fileName/BattleCommandInputState.cs: ede3591daf19024f6eea46d676963fde -> 38583d45cc1b274c66164f442875d183
  custom:scripting/monoscript/fileName/CommandEndMain.cs: e2841526d8789a12e9d8be6dceeb1a60 -> 
  custom:scripting/monoscript/fileName/BattleCommandExcuteState.cs: abe078da2a3be55bc3de99c5604c1802 -> fedf3bc38a1adfc5a39152e7506350fa
  custom:audio-encoder-webm-vorbis: bf7c407c2cedff20999df2af8eb42d56 -> 
  custom:scripting/monoscript/fileName/BattleEndState.cs: 345cf4ec234fc0fd1528377c7ca4fa6d -> cc4b734cf1aeacf1398c8a72da4f4e0a
  custom:scripting/monoscript/fileName/BattleInitState.cs: 637ea1480804cfc805f256ea1d3d33c4 -> b10f19202040c304d82adc078bde8325
  custom:scripting/monoscript/fileName/CommandExcuteEndState.cs: 635124c61a6f699288f74713b54527e4 -> 
  custom:video-codec-MediaFoundation-h265: 746d11721c4dcdbdad8f713fa42b33f4 -> 
  custom:scripting/monoscript/fileName/CommandExcuteStartState.cs: 36fb2b8f2001518936a3cebbcc77a50d -> 
  custom:video-decoder-ogg-theora: a1e56fd34408186e4bbccfd4996cb3dc -> 
  custom:CustomObjectIndexerAttribute: d54d2f2da18e7612c182cf67624b6b12 -> 
  custom:container-demuxer-webm: 4f35f7cbe854078d1ac9338744f61a02 -> 
  custom:scripting/monoscript/fileName/BattlePauseState.cs: 09e9876997a80d01f485778f16d4c558 -> 910ff28b4093abe2394b433ba6fbbe3d
  custom:scripting/monoscript/fileName/CommandExcutingState.cs: 8137433e4b133e65c29ee8709b1103aa -> 
  custom:video-encoder-webm-vp8: eb34c28f22e8b96e1ab97ce403110664 -> 
========================================================================
Received Import Request.
  Time since last request: 228207.985699 seconds.
  path: Assets/Res/ResourcePackages/FlatKit/Demos/[Water] Ocean Islands/Ocean Islands.unity
  artifactKey: Guid(cea8116bdc4404ce9a2870ff3b671d30) Importer(815301076,1909f56bfc062723c751e8b465ee728b)
Start importing Assets/Res/ResourcePackages/FlatKit/Demos/[Water] Ocean Islands/Ocean Islands.unity using Guid(cea8116bdc4404ce9a2870ff3b671d30) Importer(815301076,1909f56bfc062723c751e8b465ee728b)  -> (artifact id: 'bcfc8db0d4c8a1732a6ad5dee598218b') in 0.008494 seconds
Number of updated asset objects reloaded before import = 0
Number of asset objects unloaded after import = 0
========================================================================
Received Prepare
Begin MonoManager ReloadAssembly
- Loaded All Assemblies, in  0.444 seconds
Refreshing native plugins compatible for Editor in 5.51 ms, found 7 plugins.
Native extension for WindowsStandalone target not found
Native extension for Android target not found
[Package Manager] Server::EnsureServerProcessIsRunning -- launch failed, reason: Unity was launched with the -noUpm command-line argument
[Package Manager] UpmClient::Send -- Unable to send message (not connected to UPM process).
[Package Manager] Cannot connect to Unity Package Manager local server
Mono: successfully reloaded assembly
- Finished resetting the current domain, in  1.177 seconds
Domain Reload Profiling: 1618ms
	BeginReloadAssembly (155ms)
		ExecutionOrderSort (0ms)
		DisableScriptedObjects (9ms)
		BackupInstance (0ms)
		ReleaseScriptingObjects (0ms)
		CreateAndSetChildDomain (42ms)
	RebuildCommonClasses (24ms)
	RebuildNativeTypeToScriptingClass (9ms)
	initialDomainReloadingComplete (23ms)
	LoadAllAssembliesAndSetupDomain (229ms)
		LoadAssemblies (283ms)
		RebuildTransferFunctionScriptingTraits (0ms)
		AnalyzeDomain (17ms)
			TypeCache.Refresh (7ms)
				TypeCache.ScanAssembly (0ms)
			ScanForSourceGeneratedMonoScriptInfo (0ms)
			ResolveRequiredComponents (10ms)
	FinalizeReload (1177ms)
		ReleaseScriptCaches (0ms)
		RebuildScriptCaches (0ms)
		SetupLoadedEditorAssemblies (585ms)
			LogAssemblyErrors (0ms)
			InitializePlatformSupportModulesInManaged (18ms)
			SetLoadedEditorAssemblies (5ms)
			RefreshPlugins (0ms)
			BeforeProcessingInitializeOnLoad (72ms)
			ProcessInitializeOnLoadAttributes (427ms)
			ProcessInitializeOnLoadMethodAttributes (59ms)
			AfterProcessingInitializeOnLoad (4ms)
			EditorAssembliesLoaded (0ms)
		ExecutionOrderSort2 (0ms)
		AwakeInstancesAfterBackupRestoration (20ms)
Refreshing native plugins compatible for Editor in 7.31 ms, found 7 plugins.
Preloading 0 native plugins for Editor in 0.00 ms.
Unloading 7180 Unused Serialized files (Serialized files now loaded: 0)
Unloading 80 unused Assets / (2.1 MB). Loaded Objects now: 7882.
Memory consumption went from 250.7 MB to 248.7 MB.
Total: 4.455700 ms (FindLiveObjects: 0.399700 ms CreateObjectMapping: 0.292700 ms MarkObjects: 3.261800 ms  DeleteObjects: 0.500400 ms)

Prepare: number of updated asset objects reloaded= 0
AssetImportParameters requested are different than current active one (requested -> active):
  custom:container-demuxer-ogg: 62fdf1f143b41e24485cea50d1cbac27 -> 
  custom:scripting/monoscript/fileName/CommandStartMain.cs: 7366b22bd6e1199c6cbef68dd763365b -> 
  custom:scripting/monoscript/fileName/BattleFsm.cs: 183071658968191aed85e8e5acb1946e -> f67f84e6a93affba2d3d9badab768e09
  custom:framework-win-MediaFoundation: 216162199b28c13a410421893ffa2e32 -> 
  custom:scripting/monoscript/fileName/CommandEexcutingState.cs: 8137433e4b133e65c29ee8709b1103aa -> 
  custom:scripting/monoscript/fileName/CommandReCalculateState.cs: 898c0c50c8ad30a215a810aa28fd871b -> 
  custom:scripting/monoscript/fileName/CommandExecuteStart.cs: cf0c1dc307effa23bbf01eef4341b745 -> 
  custom:container-muxer-webm: aa71ff27fc2769a1b78a27578f13a17b -> 
  custom:video-decoder-webm-vp8: 9c59270c3fd7afecdb556c50c9e8de78 -> 
  custom:SearchIndexIgnoredProperties: e643bd26f0fe6173181afceb89e7c659 -> 
  custom:AudioImporter_EditorPlatform: d09bf68614088b80899f8185d706f6e7 -> 
  custom:scripting/monoscript/fileName/CommandPreviewState.cs: 558b8630d50a9d06457bd5e8f3c6e49b -> 
  custom:audio-decoder-ogg-vorbis: bf7c407c2cedff20999df2af8eb42d56 -> 
  custom:scripting/monoscript/fileName/BattleCommandInputState.cs: ede3591daf19024f6eea46d676963fde -> 38583d45cc1b274c66164f442875d183
  custom:scripting/monoscript/fileName/CommandEndMain.cs: e2841526d8789a12e9d8be6dceeb1a60 -> 
  custom:scripting/monoscript/fileName/BattleCommandExcuteState.cs: abe078da2a3be55bc3de99c5604c1802 -> fedf3bc38a1adfc5a39152e7506350fa
  custom:audio-encoder-webm-vorbis: bf7c407c2cedff20999df2af8eb42d56 -> 
  custom:scripting/monoscript/fileName/BattleEndState.cs: 345cf4ec234fc0fd1528377c7ca4fa6d -> cc4b734cf1aeacf1398c8a72da4f4e0a
  custom:scripting/monoscript/fileName/BattleInitState.cs: 637ea1480804cfc805f256ea1d3d33c4 -> b10f19202040c304d82adc078bde8325
  custom:scripting/monoscript/fileName/CommandExcuteEndState.cs: 635124c61a6f699288f74713b54527e4 -> 
  custom:video-codec-MediaFoundation-h265: 746d11721c4dcdbdad8f713fa42b33f4 -> 
  custom:scripting/monoscript/fileName/CommandExcuteStartState.cs: 36fb2b8f2001518936a3cebbcc77a50d -> 
  custom:video-decoder-ogg-theora: a1e56fd34408186e4bbccfd4996cb3dc -> 
  custom:CustomObjectIndexerAttribute: d54d2f2da18e7612c182cf67624b6b12 -> 
  custom:container-demuxer-webm: 4f35f7cbe854078d1ac9338744f61a02 -> 
  custom:scripting/monoscript/fileName/BattlePauseState.cs: 09e9876997a80d01f485778f16d4c558 -> 910ff28b4093abe2394b433ba6fbbe3d
  custom:scripting/monoscript/fileName/CommandExcutingState.cs: 8137433e4b133e65c29ee8709b1103aa -> 
  custom:video-encoder-webm-vp8: eb34c28f22e8b96e1ab97ce403110664 -> 
========================================================================
Received Prepare
Refreshing native plugins compatible for Editor in 9.73 ms, found 7 plugins.
Preloading 0 native plugins for Editor in 0.00 ms.
Unloading 72 Unused Serialized files (Serialized files now loaded: 0)
Unloading 24 unused Assets / (2.1 MB). Loaded Objects now: 7933.
Memory consumption went from 149.9 MB to 147.9 MB.
Total: 175.009900 ms (FindLiveObjects: 2.148900 ms CreateObjectMapping: 0.531500 ms MarkObjects: 168.572700 ms  DeleteObjects: 3.627500 ms)

Prepare: number of updated asset objects reloaded= 0
AssetImportParameters requested are different than current active one (requested -> active):
  custom:container-demuxer-ogg: 62fdf1f143b41e24485cea50d1cbac27 -> 
  custom:scripting/monoscript/fileName/CommandStartMain.cs: 7366b22bd6e1199c6cbef68dd763365b -> 
  custom:scripting/monoscript/fileName/BattleFsm.cs: 183071658968191aed85e8e5acb1946e -> f67f84e6a93affba2d3d9badab768e09
  custom:framework-win-MediaFoundation: 216162199b28c13a410421893ffa2e32 -> 
  custom:scripting/monoscript/fileName/CommandEexcutingState.cs: 8137433e4b133e65c29ee8709b1103aa -> 
  custom:scripting/monoscript/fileName/CommandReCalculateState.cs: 898c0c50c8ad30a215a810aa28fd871b -> 
  custom:scripting/monoscript/fileName/CommandExecuteStart.cs: cf0c1dc307effa23bbf01eef4341b745 -> 
  custom:container-muxer-webm: aa71ff27fc2769a1b78a27578f13a17b -> 
  custom:video-decoder-webm-vp8: 9c59270c3fd7afecdb556c50c9e8de78 -> 
  custom:SearchIndexIgnoredProperties: e643bd26f0fe6173181afceb89e7c659 -> 
  custom:AudioImporter_EditorPlatform: d09bf68614088b80899f8185d706f6e7 -> 
  custom:scripting/monoscript/fileName/CommandPreviewState.cs: 558b8630d50a9d06457bd5e8f3c6e49b -> 
  custom:audio-decoder-ogg-vorbis: bf7c407c2cedff20999df2af8eb42d56 -> 
  custom:scripting/monoscript/fileName/BattleCommandInputState.cs: ede3591daf19024f6eea46d676963fde -> 38583d45cc1b274c66164f442875d183
  custom:scripting/monoscript/fileName/CommandEndMain.cs: e2841526d8789a12e9d8be6dceeb1a60 -> 
  custom:scripting/monoscript/fileName/BattleCommandExcuteState.cs: abe078da2a3be55bc3de99c5604c1802 -> fedf3bc38a1adfc5a39152e7506350fa
  custom:audio-encoder-webm-vorbis: bf7c407c2cedff20999df2af8eb42d56 -> 
  custom:scripting/monoscript/fileName/BattleEndState.cs: 345cf4ec234fc0fd1528377c7ca4fa6d -> cc4b734cf1aeacf1398c8a72da4f4e0a
  custom:scripting/monoscript/fileName/BattleInitState.cs: 637ea1480804cfc805f256ea1d3d33c4 -> b10f19202040c304d82adc078bde8325
  custom:scripting/monoscript/fileName/CommandExcuteEndState.cs: 635124c61a6f699288f74713b54527e4 -> 
  custom:video-codec-MediaFoundation-h265: 746d11721c4dcdbdad8f713fa42b33f4 -> 
  custom:scripting/monoscript/fileName/CommandExcuteStartState.cs: 36fb2b8f2001518936a3cebbcc77a50d -> 
  custom:video-decoder-ogg-theora: a1e56fd34408186e4bbccfd4996cb3dc -> 
  custom:CustomObjectIndexerAttribute: d54d2f2da18e7612c182cf67624b6b12 -> 
  custom:container-demuxer-webm: 4f35f7cbe854078d1ac9338744f61a02 -> 
  custom:scripting/monoscript/fileName/BattlePauseState.cs: 09e9876997a80d01f485778f16d4c558 -> 910ff28b4093abe2394b433ba6fbbe3d
  custom:scripting/monoscript/fileName/CommandExcutingState.cs: 8137433e4b133e65c29ee8709b1103aa -> 
  custom:video-encoder-webm-vp8: eb34c28f22e8b96e1ab97ce403110664 -> 
========================================================================
Received Prepare
Switching render pipeline 6d753e1ed20038d4a8ffc8051c980b8e -> ecbd363870e07455ea237f5753668d30
Refreshing native plugins compatible for Editor in 81.70 ms, found 7 plugins.
Preloading 0 native plugins for Editor in 0.00 ms.
Unloading 241 Unused Serialized files (Serialized files now loaded: 0)
Unloading 18 unused Assets / (2.1 MB). Loaded Objects now: 8156.
Memory consumption went from 147.7 MB to 145.7 MB.
Total: 53.017700 ms (FindLiveObjects: 1.074700 ms CreateObjectMapping: 0.344700 ms MarkObjects: 50.829700 ms  DeleteObjects: 0.766800 ms)

Prepare: number of updated asset objects reloaded= 0
AssetImportParameters requested are different than current active one (requested -> active):
  custom:container-demuxer-ogg: 62fdf1f143b41e24485cea50d1cbac27 -> 
  custom:scripting/monoscript/fileName/CommandStartMain.cs: 7366b22bd6e1199c6cbef68dd763365b -> 
  custom:scripting/monoscript/fileName/BattleFsm.cs: 183071658968191aed85e8e5acb1946e -> f67f84e6a93affba2d3d9badab768e09
  custom:framework-win-MediaFoundation: 216162199b28c13a410421893ffa2e32 -> 
  custom:scripting/monoscript/fileName/CommandEexcutingState.cs: 8137433e4b133e65c29ee8709b1103aa -> 
  custom:scripting/monoscript/fileName/CommandReCalculateState.cs: 898c0c50c8ad30a215a810aa28fd871b -> 
  custom:scripting/monoscript/fileName/CommandExecuteStart.cs: cf0c1dc307effa23bbf01eef4341b745 -> 
  custom:container-muxer-webm: aa71ff27fc2769a1b78a27578f13a17b -> 
  custom:video-decoder-webm-vp8: 9c59270c3fd7afecdb556c50c9e8de78 -> 
  custom:SearchIndexIgnoredProperties: e643bd26f0fe6173181afceb89e7c659 -> 
  custom:AudioImporter_EditorPlatform: d09bf68614088b80899f8185d706f6e7 -> 
  custom:scripting/monoscript/fileName/CommandPreviewState.cs: 558b8630d50a9d06457bd5e8f3c6e49b -> 
  custom:audio-decoder-ogg-vorbis: bf7c407c2cedff20999df2af8eb42d56 -> 
  custom:scripting/monoscript/fileName/BattleCommandInputState.cs: ede3591daf19024f6eea46d676963fde -> 38583d45cc1b274c66164f442875d183
  custom:scripting/monoscript/fileName/CommandEndMain.cs: e2841526d8789a12e9d8be6dceeb1a60 -> 
  custom:scripting/monoscript/fileName/BattleCommandExcuteState.cs: abe078da2a3be55bc3de99c5604c1802 -> fedf3bc38a1adfc5a39152e7506350fa
  custom:audio-encoder-webm-vorbis: bf7c407c2cedff20999df2af8eb42d56 -> 
  custom:scripting/monoscript/fileName/BattleEndState.cs: 345cf4ec234fc0fd1528377c7ca4fa6d -> cc4b734cf1aeacf1398c8a72da4f4e0a
  custom:scripting/monoscript/fileName/BattleInitState.cs: 637ea1480804cfc805f256ea1d3d33c4 -> b10f19202040c304d82adc078bde8325
  custom:scripting/monoscript/fileName/CommandExcuteEndState.cs: 635124c61a6f699288f74713b54527e4 -> 
  custom:video-codec-MediaFoundation-h265: 746d11721c4dcdbdad8f713fa42b33f4 -> 
  custom:scripting/monoscript/fileName/CommandExcuteStartState.cs: 36fb2b8f2001518936a3cebbcc77a50d -> 
  custom:srp/default-pipeline: cedb6383070e4755ae32f7753566d803 -> d657e3e12d00834d8aff8c50c189b0e8
  custom:video-decoder-ogg-theora: a1e56fd34408186e4bbccfd4996cb3dc -> 
  custom:CustomObjectIndexerAttribute: d54d2f2da18e7612c182cf67624b6b12 -> 
  custom:container-demuxer-webm: 4f35f7cbe854078d1ac9338744f61a02 -> 
  custom:scripting/monoscript/fileName/BattlePauseState.cs: 09e9876997a80d01f485778f16d4c558 -> 910ff28b4093abe2394b433ba6fbbe3d
  custom:scripting/monoscript/fileName/CommandExcutingState.cs: 8137433e4b133e65c29ee8709b1103aa -> 
  custom:video-encoder-webm-vp8: eb34c28f22e8b96e1ab97ce403110664 -> 
========================================================================
Received Prepare
Begin MonoManager ReloadAssembly
- Loaded All Assemblies, in  1.355 seconds
Refreshing native plugins compatible for Editor in 6.14 ms, found 8 plugins.
Native extension for WindowsStandalone target not found
Native extension for Android target not found
[Package Manager] Server::EnsureServerProcessIsRunning -- launch failed, reason: Unity was launched with the -noUpm command-line argument
[Package Manager] UpmClient::Send -- Unable to send message (not connected to UPM process).
[Package Manager] Cannot connect to Unity Package Manager local server
Mono: successfully reloaded assembly
- Finished resetting the current domain, in 15.018 seconds
Domain Reload Profiling: 16370ms
	BeginReloadAssembly (558ms)
		ExecutionOrderSort (0ms)
		DisableScriptedObjects (60ms)
		BackupInstance (0ms)
		ReleaseScriptingObjects (0ms)
		CreateAndSetChildDomain (282ms)
	RebuildCommonClasses (30ms)
	RebuildNativeTypeToScriptingClass (10ms)
	initialDomainReloadingComplete (27ms)
	LoadAllAssembliesAndSetupDomain (727ms)
		LoadAssemblies (769ms)
		RebuildTransferFunctionScriptingTraits (0ms)
		AnalyzeDomain (75ms)
			TypeCache.Refresh (30ms)
				TypeCache.ScanAssembly (5ms)
			ScanForSourceGeneratedMonoScriptInfo (31ms)
			ResolveRequiredComponents (13ms)
	FinalizeReload (15018ms)
		ReleaseScriptCaches (0ms)
		RebuildScriptCaches (0ms)
		SetupLoadedEditorAssemblies (626ms)
			LogAssemblyErrors (0ms)
			InitializePlatformSupportModulesInManaged (24ms)
			SetLoadedEditorAssemblies (4ms)
			RefreshPlugins (0ms)
			BeforeProcessingInitializeOnLoad (80ms)
			ProcessInitializeOnLoadAttributes (456ms)
			ProcessInitializeOnLoadMethodAttributes (58ms)
			AfterProcessingInitializeOnLoad (4ms)
			EditorAssembliesLoaded (0ms)
		ExecutionOrderSort2 (0ms)
		AwakeInstancesAfterBackupRestoration (19ms)
Switching render pipeline 6d753e1ed20038d4a8ffc8051c980b8e -> ecbd363870e07455ea237f5753668d30
Refreshing native plugins compatible for Editor in 6.96 ms, found 8 plugins.
Preloading 0 native plugins for Editor in 0.00 ms.
Unloading 7412 Unused Serialized files (Serialized files now loaded: 0)
Unloading 83 unused Assets / (2.1 MB). Loaded Objects now: 8173.
Memory consumption went from 259.8 MB to 257.7 MB.
Total: 4.857300 ms (FindLiveObjects: 0.426300 ms CreateObjectMapping: 0.280200 ms MarkObjects: 3.656000 ms  DeleteObjects: 0.493500 ms)

Prepare: number of updated asset objects reloaded= 0
AssetImportParameters requested are different than current active one (requested -> active):
  custom:container-demuxer-ogg: 62fdf1f143b41e24485cea50d1cbac27 -> 
  custom:scripting/monoscript/fileName/CommandStartMain.cs: 7366b22bd6e1199c6cbef68dd763365b -> 
  custom:scripting/monoscript/fileName/BattleFsm.cs: 183071658968191aed85e8e5acb1946e -> f67f84e6a93affba2d3d9badab768e09
  custom:framework-win-MediaFoundation: 216162199b28c13a410421893ffa2e32 -> 
  custom:scripting/monoscript/fileName/CommandEexcutingState.cs: 8137433e4b133e65c29ee8709b1103aa -> 
  custom:scripting/monoscript/fileName/CommandReCalculateState.cs: 898c0c50c8ad30a215a810aa28fd871b -> 
  custom:scripting/monoscript/fileName/CommandExecuteStart.cs: cf0c1dc307effa23bbf01eef4341b745 -> 
  custom:container-muxer-webm: aa71ff27fc2769a1b78a27578f13a17b -> 
  custom:video-decoder-webm-vp8: 9c59270c3fd7afecdb556c50c9e8de78 -> 
  custom:SearchIndexIgnoredProperties: e643bd26f0fe6173181afceb89e7c659 -> 
  custom:AudioImporter_EditorPlatform: d09bf68614088b80899f8185d706f6e7 -> 
  custom:scripting/monoscript/fileName/CommandPreviewState.cs: 558b8630d50a9d06457bd5e8f3c6e49b -> 
  custom:audio-decoder-ogg-vorbis: bf7c407c2cedff20999df2af8eb42d56 -> 
  custom:scripting/monoscript/fileName/BattleCommandInputState.cs: ede3591daf19024f6eea46d676963fde -> 38583d45cc1b274c66164f442875d183
  custom:scripting/monoscript/fileName/CommandEndMain.cs: e2841526d8789a12e9d8be6dceeb1a60 -> 
  custom:scripting/monoscript/fileName/BattleCommandExcuteState.cs: abe078da2a3be55bc3de99c5604c1802 -> fedf3bc38a1adfc5a39152e7506350fa
  custom:audio-encoder-webm-vorbis: bf7c407c2cedff20999df2af8eb42d56 -> 
  custom:scripting/monoscript/fileName/BattleEndState.cs: 345cf4ec234fc0fd1528377c7ca4fa6d -> cc4b734cf1aeacf1398c8a72da4f4e0a
  custom:scripting/monoscript/fileName/BattleInitState.cs: 637ea1480804cfc805f256ea1d3d33c4 -> b10f19202040c304d82adc078bde8325
  custom:scripting/monoscript/fileName/CommandExcuteEndState.cs: 635124c61a6f699288f74713b54527e4 -> 
  custom:video-codec-MediaFoundation-h265: 746d11721c4dcdbdad8f713fa42b33f4 -> 
  custom:scripting/monoscript/fileName/CommandExcuteStartState.cs: 36fb2b8f2001518936a3cebbcc77a50d -> 
  custom:srp/default-pipeline: cedb6383070e4755ae32f7753566d803 -> d657e3e12d00834d8aff8c50c189b0e8
  custom:video-decoder-ogg-theora: a1e56fd34408186e4bbccfd4996cb3dc -> 
  custom:CustomObjectIndexerAttribute: d54d2f2da18e7612c182cf67624b6b12 -> 
  custom:container-demuxer-webm: 4f35f7cbe854078d1ac9338744f61a02 -> 
  custom:scripting/monoscript/fileName/BattlePauseState.cs: 09e9876997a80d01f485778f16d4c558 -> 910ff28b4093abe2394b433ba6fbbe3d
  custom:scripting/monoscript/fileName/CommandExcutingState.cs: 8137433e4b133e65c29ee8709b1103aa -> 
  custom:video-encoder-webm-vp8: eb34c28f22e8b96e1ab97ce403110664 -> 
