
=== Sun Nov 26 15:48:11 2023

Packages were changed.
Update Mode: updateDependencies

The following packages were updated:
  com.unity.collab-proxy from version 1.15.18 to 1.17.6
  com.unity.ide.rider from version 3.0.14 to 3.0.16
  com.unity.ide.visualstudio from version 2.0.15 to 2.0.16
  com.unity.inputsystem from version 1.3.0 to 1.4.4

=== Sun Dec 10 12:59:49 2023

Packages were changed.
Update Mode: updateDependencies

The following packages were updated:
  com.unity.collab-proxy from version 1.2.16 to 1.17.6
  com.unity.ide.rider from version 1.1.4 to 3.0.16
  com.unity.ide.vscode from version 1.2.1 to 1.2.5
  com.unity.postprocessing from version 2.3.0 to 3.2.2
  com.unity.recorder from version 2.5.5 to 3.0.3
  com.unity.test-framework from version 1.1.16 to 1.1.31
  com.unity.textmeshpro from version 2.1.1 to 3.0.6
  com.unity.timeline from version 1.2.16 to 1.6.4

=== Sun Dec 10 12:59:49 2023

Packages were changed.
Update Mode: mergeDefaultDependencies

The following packages were added:
  com.unity.recorder@3.0.3

=== Sun Dec 10 13:04:11 2023

Packages were changed.
Update Mode: updateDependencies

The following packages were updated:
  com.unity.collab-proxy from version 1.2.16 to 1.17.6
  com.unity.ide.rider from version 1.1.4 to 3.0.16
  com.unity.ide.vscode from version 1.2.1 to 1.2.5
  com.unity.postprocessing from version 2.3.0 to 3.2.2
  com.unity.recorder from version 2.5.5 to 3.0.3
  com.unity.test-framework from version 1.1.16 to 1.1.31
  com.unity.textmeshpro from version 2.1.1 to 3.0.6
  com.unity.timeline from version 1.2.16 to 1.6.4
